2024-02-05T10:14:21.659873-03:00 0x00004108 <INFO> RoomsPlatformUtils: Process invoked without rooms flag, no platform ID override provided
2024-02-05T10:14:21.675888-03:00 0x00001c64 <INFO> SingleThreadedWorker: Waiting for Work on worker thread : TelemetryServiceWorker
2024-02-05T10:14:21.883029-03:00 0x00004108 <INFO> TelemetryService: Sampling rules from previous session recovered
2024-02-05T10:14:21.894611-03:00 0x00004108 <INFO> TelemetryService: InitOfficeDiagnosticLevel to OfficeDiagnosticLevel::Unset
2024-02-05T10:14:22.032893-03:00 0x00004108 <INFO> Scenario: shell_peristent_storage_read [start,success] Scenario.Status:success, Scenario.Step:start, delta:1, elapsed:137, elapsedSinceProcessStart:860, eventpdclevel:1, sequence:0
2024-02-05T10:14:22.033880-03:00 0x00004108 <INFO> TelemetryService: Restored sampling rules from previous session
2024-02-05T10:14:22.033880-03:00 0x00004108 <INFO> Scenario: shell_peristent_storage_read [stop,success] InstanceId:9256052b-c581-412e-99fc-b17f308477b6, Scenario.Mode:1, Scenario.Name:shell_peristent_storage_read, Scenario.Status:success, Scenario.Step:stop, delta:2, elapsed:138, elapsedSinceProcessStart:861, eventpdclevel:1, fileName:configuration.json, previousStep:start, sequence:1, stepDelta:2
2024-02-05T10:14:22.062173-03:00 0x00004108 <INFO> Scenario: shell_peristent_storage_read [start,success] Scenario.Status:success, Scenario.Step:start, delta:0, elapsed:166, elapsedSinceProcessStart:889, eventpdclevel:1, sequence:0
2024-02-05T10:14:22.063173-03:00 0x00004108 <INFO> Scenario: shell_peristent_storage_read [stop,abandoned] InstanceId:31aee20d-d08e-400d-a34f-778ad36ce7a4, Scenario.Mode:1, Scenario.Name:shell_peristent_storage_read, Scenario.Status:abandoned, Scenario.Step:stop, delta:1, elapsed:167, elapsedSinceProcessStart:890, error:no such file or directory, eventpdclevel:1, fileName:configuration.json, previousStep:start, sequence:1, stepDelta:1
2024-02-05T10:14:22.087044-03:00 0x00004108 <INFO> Scenario: shell_peristent_storage_read [start,success] Scenario.Status:success, Scenario.Step:start, delta:0, elapsed:191, elapsedSinceProcessStart:914, eventpdclevel:1, sequence:0
2024-02-05T10:14:22.113053-03:00 0x00004108 <INFO> Scenario: shell_peristent_storage_read [stop,success] InstanceId:135f35f4-2a78-4514-8d4d-05902780d35b, Scenario.Mode:1, Scenario.Name:shell_peristent_storage_read, Scenario.Status:success, Scenario.Step:stop, delta:26, elapsed:217, elapsedSinceProcessStart:940, eventpdclevel:1, fileName:ecs_request_param.json, previousStep:start, sequence:1, stepDelta:26
2024-02-05T10:14:22.113053-03:00 0x00004108 <INFO> TelemetryService: No primary user detected during a SetUserTenantId Call, setting b148f14c-2397-402c-ab6a-1b4711177ac0 as default tenant
2024-02-05T10:14:22.115045-03:00 0x00004108 <INFO> TelemetryService: No primary user detected during a SetUserId Call, setting 7093697b-1d07-4043-85df-ec9245711a10 as UserInfo_Id
2024-02-05T10:14:22.224404-03:00 0x00004108 <INFO> Scenario: shell_peristent_storage_read [start,success] Scenario.Status:success, Scenario.Step:start, delta:0, elapsed:328, elapsedSinceProcessStart:1051, eventpdclevel:1, sequence:0
2024-02-05T10:14:22.224404-03:00 0x00004108 <INFO> Scenario: shell_peristent_storage_read [stop,abandoned] InstanceId:59063ecf-5ebc-4187-9c39-0991022076a0, Scenario.Mode:1, Scenario.Name:shell_peristent_storage_read, Scenario.Status:abandoned, Scenario.Step:stop, delta:1, elapsed:329, elapsedSinceProcessStart:1052, error:no such file or directory, eventpdclevel:1, fileName:configuration.json, previousStep:start, sequence:1, stepDelta:1
2024-02-05T10:14:22.224404-03:00 0x00004108 <INFO> Scenario: shell_peristent_storage_read [start,success] Scenario.Status:success, Scenario.Step:start, delta:0, elapsed:329, elapsedSinceProcessStart:1052, eventpdclevel:1, sequence:0
2024-02-05T10:14:22.225401-03:00 0x00004108 <INFO> Scenario: shell_peristent_storage_read [stop,abandoned] InstanceId:e43522b5-e547-4a1e-9a96-e48afac48ff9, Scenario.Mode:1, Scenario.Name:shell_peristent_storage_read, Scenario.Status:abandoned, Scenario.Step:stop, delta:0, elapsed:329, elapsedSinceProcessStart:1052, error:no such file or directory, eventpdclevel:1, fileName:configuration.json, previousStep:start, sequence:1, stepDelta:0
2024-02-05T10:14:22.225401-03:00 0x00004108 <INFO> Scenario: shell_peristent_storage_read [start,success] Scenario.Status:success, Scenario.Step:start, delta:0, elapsed:330, elapsedSinceProcessStart:1053, eventpdclevel:1, sequence:0
2024-02-05T10:14:22.226400-03:00 0x00004108 <INFO> Scenario: shell_peristent_storage_read [stop,abandoned] InstanceId:9234007e-40c1-4c42-891c-565f8624c038, Scenario.Mode:1, Scenario.Name:shell_peristent_storage_read, Scenario.Status:abandoned, Scenario.Step:stop, delta:0, elapsed:330, elapsedSinceProcessStart:1053, error:no such file or directory, eventpdclevel:1, fileName:configuration.json, previousStep:start, sequence:1, stepDelta:0
2024-02-05T10:14:22.226400-03:00 0x00004108 <INFO> Scenario: shell_peristent_storage_read [start,success] Scenario.Status:success, Scenario.Step:start, delta:0, elapsed:330, elapsedSinceProcessStart:1053, eventpdclevel:1, sequence:0
2024-02-05T10:14:22.226400-03:00 0x00004108 <INFO> Scenario: shell_peristent_storage_read [stop,abandoned] InstanceId:363e70a5-611c-4b9d-8a53-3a10fdf09e19, Scenario.Mode:1, Scenario.Name:shell_peristent_storage_read, Scenario.Status:abandoned, Scenario.Step:stop, delta:0, elapsed:330, elapsedSinceProcessStart:1053, error:no such file or directory, eventpdclevel:1, fileName:configuration.json, previousStep:start, sequence:1, stepDelta:0
2024-02-05T10:14:22.226400-03:00 0x00004108 <INFO> Scenario: shell_peristent_storage_read [start,success] Scenario.Status:success, Scenario.Step:start, delta:0, elapsed:331, elapsedSinceProcessStart:1054, eventpdclevel:1, sequence:0
2024-02-05T10:14:22.227404-03:00 0x00004108 <INFO> Scenario: shell_peristent_storage_read [stop,abandoned] InstanceId:aa86483a-7802-42c7-b74c-76cd3f2d7be8, Scenario.Mode:1, Scenario.Name:shell_peristent_storage_read, Scenario.Status:abandoned, Scenario.Step:stop, delta:0, elapsed:331, elapsedSinceProcessStart:1054, error:no such file or directory, eventpdclevel:1, fileName:configuration.json, previousStep:start, sequence:1, stepDelta:0
2024-02-05T10:14:22.227404-03:00 0x00004108 <INFO> Scenario: shell_peristent_storage_read [start,success] Scenario.Status:success, Scenario.Step:start, delta:0, elapsed:331, elapsedSinceProcessStart:1054, eventpdclevel:1, sequence:0
2024-02-05T10:14:22.227404-03:00 0x00004108 <INFO> Scenario: shell_peristent_storage_read [stop,abandoned] InstanceId:d664603f-300b-47af-a8dc-73f301fe6ed2, Scenario.Mode:1, Scenario.Name:shell_peristent_storage_read, Scenario.Status:abandoned, Scenario.Step:stop, delta:0, elapsed:331, elapsedSinceProcessStart:1054, error:no such file or directory, eventpdclevel:1, fileName:configuration.json, previousStep:start, sequence:1, stepDelta:0
2024-02-05T10:14:22.227404-03:00 0x00004108 <INFO> Scenario: shell_peristent_storage_read [start,success] Scenario.Status:success, Scenario.Step:start, delta:0, elapsed:332, elapsedSinceProcessStart:1055, eventpdclevel:1, sequence:0
2024-02-05T10:14:22.228399-03:00 0x00004108 <INFO> Scenario: shell_peristent_storage_read [stop,abandoned] InstanceId:9b829462-b70e-4134-a8d8-fe382c456985, Scenario.Mode:1, Scenario.Name:shell_peristent_storage_read, Scenario.Status:abandoned, Scenario.Step:stop, delta:0, elapsed:332, elapsedSinceProcessStart:1055, error:no such file or directory, eventpdclevel:1, fileName:configuration.json, previousStep:start, sequence:1, stepDelta:0
2024-02-05T10:14:22.228399-03:00 0x00004108 <INFO> Scenario: shell_ecs_refresh [start,success] Scenario.Status:success, Scenario.Step:start, delta:0, elapsed:332, elapsedSinceProcessStart:1055, eventpdclevel:1, sequence:0
2024-02-05T10:14:22.336823-03:00 0x00004108 <INFO> Scenario: shell_ecs_cache [start,success] Scenario.Status:success, Scenario.Step:start, delta:0, elapsed:441, elapsedSinceProcessStart:1164, eventpdclevel:1, sequence:0
2024-02-05T10:14:22.401179-03:00 0x00004108 <INFO> Scenario: shell_ecs_cache [stop,success] InstanceId:91fbf757-fd33-411d-918e-2d4b68dfab8e, LatestVersion:23335.232.2637.4844, LatestVersionPath:/BuildSettings/WebView2Canary/x64/latestVersion, Scenario.Mode:1, Scenario.Name:shell_ecs_cache, Scenario.Status:success, Scenario.Step:stop, StatusCode:, TeamsBuilds:["arm64","macOS","x64","x86"], TeamsWebView2:["app","auth","autostart","core","deviceCapability","ecs","extensibility","files","hfpCallManager","logging","m365links","meetNow","nativeModules","security","systemTray","taskbar","telemetry","thirdPartyDevices","tma","toasts","update","uxStateError","webLauncher","webNrc","webview","windowcontrols"], configExpiryTimeInSec:0, delta:64, elapsed:505, elapsedSinceProcessStart:1228, eventpdclevel:1, expiry:Mon, 05 Feb 2024 11:18:59 GMT, previousStep:start, process:updater, requestParameters:{"ClientId":"14d4c5a7-b8cf-4054-bada-fea183e4bba8","aaduserid":"7093697b-1d07-4043-85df-ec9245711a10","agents":"TeamsBuilds,TeamsWebview2","audience":"general","cloud":"prod","cpuarch":"x64","desktopVersion":"23335.232.2637.4844","environment":"prod","id":"7093697b-1d07-4043-85df-ec9245711a10","osplatform":"windows","osversion":"10.0.22621","teamslocale":"pt-br","teamsring":"general","tenantId":"b148f14c-2397-402c-ab6a-1b4711177ac0"}, sequence:1, stepDelta:64
2024-02-05T10:14:22.403185-03:00 0x00004108 <INFO> EcsFetchCompletion: Ecs settings are already up to date
2024-02-05T10:14:22.404185-03:00 0x00004108 <INFO> Scenario: shell_ecs_refresh [stop,abandoned] InstanceId:e3dafdd3-04d9-49c3-9dda-43f99f3f0cfc, Scenario.Mode:1, Scenario.Name:shell_ecs_refresh, Scenario.Status:abandoned, Scenario.Step:stop, delta:176, elapsed:508, elapsedSinceProcessStart:1231, eventpdclevel:1, previousStep:start, reason:up to date, sequence:1, stepDelta:176
2024-02-05T10:14:22.480928-03:00 0x00004108 <INFO> UpdaterMain: Wait for ECS check result:0
2024-02-05T10:14:22.480928-03:00 0x00004108 <INFO> Scenario: shell_updater_register_bgtask [start,success] Scenario.Status:success, Scenario.Step:start, delta:0, elapsed:585, elapsedSinceProcessStart:1308, eventpdclevel:1, sequence:0
2024-02-05T10:14:22.480928-03:00 0x00004108 <INFO> BackgroundTaskBase: Registered TeamsTfwAsyncUpdaterTask background task successfully
2024-02-05T10:14:22.480928-03:00 0x00004108 <INFO> Scenario: shell_updater_register_bgtask [stop,success] InstanceId:2938164a-cb32-4b08-a82f-9374c2da7020, Scenario.Mode:3, Scenario.Name:shell_updater_register_bgtask, Scenario.Status:success, Scenario.Step:stop, Scenario.Steps:[{"Scenario.Status":"success","Scenario.Step":"stop","delta":0,"elapsed":585,"elapsedSinceProcessStart":1308,"previousStep":"start","sequence":1,"stepDelta":0}], Scenario.StepsEx:[{"taskName":"TeamsTfwAsyncUpdaterTask"}], delta:0, elapsed:585, elapsedSinceProcessStart:1308, eventpdclevel:1, previousStep:start, sequence:1, stepDelta:0, taskName:TeamsTfwAsyncUpdaterTask
2024-02-05T10:14:22.481933-03:00 0x00004108 <INFO> Scenario: shell_updater_register_bgtask [start,success] Scenario.Status:success, Scenario.Step:start, delta:0, elapsed:585, elapsedSinceProcessStart:1308, eventpdclevel:1, sequence:0
2024-02-05T10:14:22.481933-03:00 0x00004108 <INFO> BackgroundTaskBase: Registered TeamsTfwEcsTask background task successfully
2024-02-05T10:14:22.481933-03:00 0x00004108 <INFO> Scenario: shell_updater_register_bgtask [stop,success] InstanceId:7fb2b5a2-1fe6-49a1-978d-a28a7225fdf4, Scenario.Mode:3, Scenario.Name:shell_updater_register_bgtask, Scenario.Status:success, Scenario.Step:stop, Scenario.Steps:[{"Scenario.Status":"success","Scenario.Step":"stop","delta":1,"elapsed":586,"elapsedSinceProcessStart":1309,"previousStep":"start","sequence":1,"stepDelta":1}], Scenario.StepsEx:[{"taskName":"TeamsTfwEcsTask"}], delta:1, elapsed:586, elapsedSinceProcessStart:1309, eventpdclevel:1, previousStep:start, sequence:1, stepDelta:1, taskName:TeamsTfwEcsTask
2024-02-05T10:14:22.549834-03:00 0x00004108 <INFO> Scenario: shell_msix_update [start,success] Scenario.Status:success, Scenario.Step:start, delta:0, elapsed:653, elapsedSinceProcessStart:1376, eventpdclevel:3, sequence:0
2024-02-05T10:14:22.578175-03:00 0x00004108 <INFO> vdi::VDIProvider: : VDIMode: 0000
2024-02-05T10:14:22.579171-03:00 0x00004108 <ERR>  DeploymentProviderMSIX: Already up to date
2024-02-05T10:14:22.579913-03:00 0x00004108 <ERR>  WIL: ms-teamsupdate.exe!00007FF70459C314: LogHr(1) tid(4108) 800704C7 A operação foi cancelada pelo usuário.
2024-02-05T10:14:22.584686-03:00 0x00004108 <ERR>  WIL: ms-teamsupdate.exe!00007FF7046EB4F6: ReturnHr(1) tid(4108) 800704C7 A operação foi cancelada pelo usuário.
    Msg:[winrt::hresult_error: A operação foi cancelada pelo usuário.] 
2024-02-05T10:14:22.586684-03:00 0x00004108 <INFO> Scenario: shell_msix_update [stop,success] CurrentVersion:23335.232.2637.4844, DeviceInfo_OfficeMachineId:1539a0b6-a3d5-c64d-b222-14b49b747ccb, ErrorText:, ExtendedErrorCode:0x0
, GenericErrorCode:0x800704c7
, InstanceId:392c74e8-fd55-4d74-a804-dae164077914, LatestVersion:23335.232.2637.4844, Scenario.Mode:3, Scenario.Name:shell_msix_update, Scenario.Status:success, Scenario.Step:stop, Scenario.Steps:[{"Scenario.Status":"success","Scenario.Step":"stop","delta":36,"elapsed":689,"elapsedSinceProcessStart":1412,"previousStep":"start","sequence":1,"stepDelta":36}], Scenario.StepsEx:[{"CurrentVersion":"23335.232.2637.4844","DeviceInfo_OfficeMachineId":"1539a0b6-a3d5-c64d-b222-14b49b747ccb","ErrorText":"","ExtendedErrorCode":"0x0\n","GenericErrorCode":"0x800704c7\n","LatestVersion":"23335.232.2637.4844","UpdateCheckReason":"MainAppUpdateCheck","UpdateFailureCount":0,"UpdateUrl":"https://statics.teams.microsoft.com/production-windows-x64/23335.232.2637.4844/MSTeams-x64.msix","reason":"uptodate","update-current-version":"23335.232.2637.4844"}], UpdateCheckReason:MainAppUpdateCheck, UpdateFailureCount:0, UpdateUrl:https://statics.teams.microsoft.com/production-windows-x64/23335.232.2637.4844/MSTeams-x64.msix, delta:36, elapsed:689, elapsedSinceProcessStart:1412, eventpdclevel:3, previousStep:start, reason:uptodate, sequence:1, stepDelta:36, update-current-version:23335.232.2637.4844
2024-02-05T10:14:22.586684-03:00 0x00004108 <INFO> UpdateStateStoreWinRTAppData: previous app session:4d323275-5f19-4b96-a0cd-1258021617be current app session:8cc29e64-5931-4cb4-bdba-2589905cbd1c target version:23335.232.2637.4844
2024-02-05T10:14:22.586684-03:00 0x00004108 <INFO> UpdateStateStoreWinRTAppData: Current total update failure count:0
2024-02-05T10:14:22.587686-03:00 0x00004108 <INFO> UpdateStateStoreWinRTAppData: Erasing update attempt
2024-02-05T10:14:22.592647-03:00 0x00004108 <INFO> UpdateStateStoreWinRTAppData: Storing update attempt for app session:8cc29e64-5931-4cb4-bdba-2589905cbd1c,target version:23335.232.2637.4844
2024-02-05T10:14:22.651257-03:00 0x00004108 <INFO> Scenario: shell_install_msi_addin [start,success] Scenario.Status:success, Scenario.Step:start, delta:0, elapsed:755, elapsedSinceProcessStart:1478, eventpdclevel:3, sequence:0
2024-02-05T10:14:22.663803-03:00 0x00004108 <INFO> vdi::VDIProvider: : VDIMode: 0000
2024-02-05T10:14:23.076624-03:00 0x00004108 <INFO> Scenario: shell_check_msi_addin_version [start,success] Scenario.Status:success, Scenario.Step:start, delta:0, elapsed:1180, elapsedSinceProcessStart:1903, eventpdclevel:3, sequence:0
2024-02-05T10:14:23.095996-03:00 0x00004108 <INFO> Scenario: shell_check_msi_addin_version [stop,success] InstanceId:6eeb558f-0859-4b79-a333-6355a08b2647, Scenario.Mode:3, Scenario.Name:shell_check_msi_addin_version, Scenario.Status:success, Scenario.Step:stop, Scenario.Steps:[{"Scenario.Status":"success","Scenario.Step":"stop","delta":20,"elapsed":1200,"elapsedSinceProcessStart":1923,"previousStep":"start","sequence":1,"stepDelta":20}], Scenario.StepsEx:[{}], delta:20, elapsed:1200, elapsedSinceProcessStart:1923, eventpdclevel:3, previousStep:start, sequence:1, stepDelta:20
2024-02-05T10:14:23.097986-03:00 0x00004108 <INFO> Scenario: shell_install_msi_addin [stop,abandoned] InstanceId:230bd3f6-c834-4fb9-87ba-d7dba78f8a0a, Scenario.Mode:3, Scenario.Name:shell_install_msi_addin, Scenario.Status:abandoned, Scenario.Step:stop, Scenario.Steps:[{"Scenario.Status":"abandoned","Scenario.Step":"stop","delta":447,"elapsed":1202,"elapsedSinceProcessStart":1925,"previousStep":"start","sequence":1,"stepDelta":447}], Scenario.StepsEx:[{"UpdateCheckReason":"MainAppUpdateCheck","installedVersion":"1.23.33413","packagedVersion":"1.23.33413","reason":"same_version_installed","teamsFlavor":"T2.1"}], UpdateCheckReason:MainAppUpdateCheck, delta:447, elapsed:1202, elapsedSinceProcessStart:1925, eventpdclevel:3, installedVersion:1.23.33413, packagedVersion:1.23.33413, previousStep:start, reason:same_version_installed, sequence:1, stepDelta:447, teamsFlavor:T2.1
2024-02-05T10:14:23.098595-03:00 0x00004108 <INFO> Scenario: shell_install_gamebarwidget [start,success] Scenario.Status:success, Scenario.Step:start, delta:0, elapsed:1202, elapsedSinceProcessStart:1925, eventpdclevel:3, sequence:0
2024-02-05T10:14:23.098595-03:00 0x00004108 <INFO> Scenario: shell_install_gamebarwidget [stop,abandoned] InstanceId:1e6825e3-1697-49a1-ac4b-7f2fe5cdd847, Scenario.Mode:3, Scenario.Name:shell_install_gamebarwidget, Scenario.Status:abandoned, Scenario.Step:stop, Scenario.Steps:[{"Scenario.Status":"abandoned","Scenario.Step":"stop","delta":0,"elapsed":1202,"elapsedSinceProcessStart":1925,"previousStep":"start","sequence":1,"stepDelta":0}], Scenario.StepsEx:[{"reason":"non_tfl"}], delta:0, elapsed:1202, elapsedSinceProcessStart:1925, eventpdclevel:3, previousStep:start, reason:non_tfl, sequence:1, stepDelta:0
2024-02-05T10:14:24.631144-03:00 0x00004108 <INFO> TelemetryService: Telemetry service stopped
