2024-02-06T14:44:36.987991-03:00 0x00004c88 <INFO> RoomsPlatformUtils: Process invoked without rooms flag, no platform ID override provided
2024-02-06T14:44:36.990984-03:00 0x00002e6c <INFO> SingleThreadedWorker: Waiting for Work on worker thread : TelemetryServiceWorker
2024-02-06T14:44:37.085276-03:00 0x00004c88 <INFO> TelemetryService: Sampling rules from previous session recovered
2024-02-06T14:44:37.089277-03:00 0x00004c88 <INFO> BackgroundTaskBase: Registering msteamsupdate.exe as bgtask com server for task: TeamsEcsTask
2024-02-06T14:44:37.090280-03:00 0x00004c88 <INFO> Scenario: shell_bgtask_comserverregistration [start,success] Scenario.Status:success, Scenario.Step:start, delta:0, elapsed:0, elapsedSinceProcessStart:502, sequence:0
2024-02-06T14:44:37.127181-03:00 0x000003c0 <INFO> EcsBackgroundTask: Starting ecs background task
2024-02-06T14:44:37.127181-03:00 0x000003c0 <INFO> Scenario: shell_ecs_refresh [start,success] Scenario.Status:success, Scenario.Step:start, delta:0, elapsed:0, elapsedSinceProcessStart:539, sequence:0
2024-02-06T14:44:37.196037-03:00 0x000003c0 <INFO> Scenario: shell_peristent_storage_read [start,success] Scenario.Status:success, Scenario.Step:start, delta:0, elapsed:69, elapsedSinceProcessStart:608, sequence:0
2024-02-06T14:44:37.196037-03:00 0x000003c0 <INFO> TelemetryService: Restored sampling rules from previous session
2024-02-06T14:44:37.197036-03:00 0x000003c0 <INFO> Scenario: shell_peristent_storage_read [stop,abandoned] InstanceId:be5e6140-0c14-4a45-9e6a-1a4242572b3e, Scenario.Mode:1, Scenario.Name:shell_peristent_storage_read, Scenario.Status:abandoned, Scenario.Step:stop, delta:0, elapsed:69, elapsedSinceProcessStart:608, error:no such file or directory, fileName:configuration.json, previousStep:start, sequence:1, stepDelta:0
2024-02-06T14:44:37.204047-03:00 0x000003c0 <INFO> Scenario: shell_peristent_storage_read [start,success] Scenario.Status:success, Scenario.Step:start, delta:0, elapsed:77, elapsedSinceProcessStart:616, sequence:0
2024-02-06T14:44:37.205053-03:00 0x000003c0 <INFO> Scenario: shell_peristent_storage_read [stop,abandoned] InstanceId:86cddc5b-aebc-4aa9-893a-c128bbe7c7f0, Scenario.Mode:1, Scenario.Name:shell_peristent_storage_read, Scenario.Status:abandoned, Scenario.Step:stop, delta:0, elapsed:77, elapsedSinceProcessStart:616, error:no such file or directory, fileName:ecs_request_param.json, previousStep:start, sequence:1, stepDelta:0
2024-02-06T14:44:37.205053-03:00 0x000003c0 <INFO> TelemetryService: No primary user detected during a SetUserTenantId Call, setting  as default tenant
2024-02-06T14:44:37.245637-03:00 0x000003c0 <INFO> Scenario: shell_ecs_cache [start,success] Scenario.Status:success, Scenario.Step:start, delta:0, elapsed:118, elapsedSinceProcessStart:657, sequence:0
2024-02-06T14:44:37.266636-03:00 0x000003c0 <INFO> Scenario: shell_ecs_cache [stop,success] InstanceId:0f004b8f-8918-4bf1-bff3-f60a68079e2d, LatestVersion:24004.1403.2634.2418, LatestVersionPath:/BuildSettings/WebView2/x64/latestVersion, Scenario.Mode:1, Scenario.Name:shell_ecs_cache, Scenario.Status:success, Scenario.Step:stop, StatusCode:, TeamsBuilds:["arm64","x64","x86"], TeamsWebView2:["app","auth","autostart","core","deviceCapability","ecs","extensibility","hfpCallManager","logging","meetNow","nativeModules","security","systemTray","taskbar","telemetry","thirdPartyDevices","tma","toasts","update","uxStateError","webLauncher","webNrc","webview","windowcontrols"], configExpiryTimeInSec:0, delta:21, elapsed:139, elapsedSinceProcessStart:678, expiry:Tue, 06 Feb 2024 16:02:57 GMT, previousStep:start, process:updater, requestParameters:{"ClientId":"14d4c5a7-b8cf-4054-bada-fea183e4bba8","aaduserid":"","agents":"TeamsBuilds,TeamsWebview2","audience":"general","cloud":"Consumer","cpuarch":"x64","desktopVersion":"23335.242.2641.4129","environment":"life","id":"","osplatform":"windows","osversion":"10.0.22621","teamsring":"general","tenantId":""}, sequence:1, stepDelta:21
2024-02-06T14:44:37.267639-03:00 0x000003c0 <INFO> EcsFetchCompletion: Ecs settings are already up to date
2024-02-06T14:44:37.267639-03:00 0x000003c0 <INFO> Scenario: shell_ecs_refresh [stop,abandoned] InstanceId:bc1491fd-0007-4ea7-8232-84d2d71a1978, Scenario.Mode:1, Scenario.Name:shell_ecs_refresh, Scenario.Status:abandoned, Scenario.Step:stop, delta:141, elapsed:141, elapsedSinceProcessStart:680, previousStep:start, reason:up to date, sequence:1, stepDelta:141
2024-02-06T14:44:37.280641-03:00 0x000003c0 <INFO> EcsBackgroundTask: Completed ecs background task
2024-02-06T14:44:37.281638-03:00 0x00004c88 <INFO> Scenario: shell_bgtask_comserverregistration [stop,success] InstanceId:dea0891e-51f3-4ed0-b584-2b77ea4859fd, Scenario.Mode:3, Scenario.Name:shell_bgtask_comserverregistration, Scenario.Status:success, Scenario.Step:stop, Scenario.Steps:[{"Scenario.Status":"success","Scenario.Step":"stop","delta":191,"elapsed":191,"elapsedSinceProcessStart":693,"previousStep":"start","sequence":1,"stepDelta":191}], Scenario.StepsEx:[{"taskName":"TeamsEcsTask"}], delta:191, elapsed:191, elapsedSinceProcessStart:693, previousStep:start, sequence:1, stepDelta:191, taskName:TeamsEcsTask
2024-02-06T14:44:38.315187-03:00 0x00004c88 <INFO> TelemetryService: Telemetry service stopped
