2024-02-06T11:40:36.300462-03:00 0x000056b4 <INFO> RoomsPlatformUtils: Process invoked without rooms flag, no platform ID override provided
2024-02-06T11:40:36.302378-03:00 0x000035e0 <INFO> SingleThreadedWorker: Waiting for Work on worker thread : TelemetryServiceWorker
2024-02-06T11:40:36.346342-03:00 0x000056b4 <INFO> TelemetryService: Sampling rules from previous session recovered
2024-02-06T11:40:36.347341-03:00 0x000056b4 <INFO> BackgroundTaskBase: Registering msteamsupdate.exe as bgtask com server for task: TeamsEcsTask
2024-02-06T11:40:36.347341-03:00 0x000056b4 <INFO> Scenario: shell_bgtask_comserverregistration [start,success] Scenario.Status:success, Scenario.Step:start, delta:1, elapsed:1, elapsedSinceProcessStart:167, sequence:0
2024-02-06T11:40:36.359658-03:00 0x00003174 <INFO> EcsBackgroundTask: Starting ecs background task
2024-02-06T11:40:36.359658-03:00 0x00003174 <INFO> Scenario: shell_ecs_refresh [start,success] Scenario.Status:success, Scenario.Step:start, delta:0, elapsed:0, elapsedSinceProcessStart:179, sequence:0
2024-02-06T11:40:36.386372-03:00 0x00003174 <INFO> Scenario: shell_peristent_storage_read [start,success] Scenario.Status:success, Scenario.Step:start, delta:0, elapsed:26, elapsedSinceProcessStart:205, sequence:0
2024-02-06T11:40:36.386372-03:00 0x00003174 <INFO> TelemetryService: Restored sampling rules from previous session
2024-02-06T11:40:36.386372-03:00 0x00003174 <INFO> Scenario: shell_peristent_storage_read [stop,abandoned] InstanceId:36aa47da-d8da-4e06-91ab-aca829b1802c, Scenario.Mode:1, Scenario.Name:shell_peristent_storage_read, Scenario.Status:abandoned, Scenario.Step:stop, delta:0, elapsed:26, elapsedSinceProcessStart:205, error:no such file or directory, fileName:configuration.json, previousStep:start, sequence:1, stepDelta:0
2024-02-06T11:40:36.388463-03:00 0x00003174 <INFO> Scenario: shell_peristent_storage_read [start,success] Scenario.Status:success, Scenario.Step:start, delta:0, elapsed:29, elapsedSinceProcessStart:208, sequence:0
2024-02-06T11:40:36.389060-03:00 0x00003174 <INFO> Scenario: shell_peristent_storage_read [stop,abandoned] InstanceId:4f4420c2-9a7d-4a9c-a56c-1260f4f26690, Scenario.Mode:1, Scenario.Name:shell_peristent_storage_read, Scenario.Status:abandoned, Scenario.Step:stop, delta:0, elapsed:29, elapsedSinceProcessStart:208, error:no such file or directory, fileName:ecs_request_param.json, previousStep:start, sequence:1, stepDelta:0
2024-02-06T11:40:36.389060-03:00 0x00003174 <INFO> TelemetryService: No primary user detected during a SetUserTenantId Call, setting  as default tenant
2024-02-06T11:40:36.402367-03:00 0x00003174 <INFO> Scenario: shell_ecs_cache [start,success] Scenario.Status:success, Scenario.Step:start, delta:0, elapsed:42, elapsedSinceProcessStart:221, sequence:0
2024-02-06T11:40:36.404372-03:00 0x00003174 <INFO> Scenario: shell_ecs_cache [stop,success] InstanceId:0ff58534-c81f-4beb-bd78-bbdd6baca64f, LatestVersion:23335.242.2641.4129, LatestVersionPath:/BuildSettings/WebView2/x64/latestVersion, Scenario.Mode:1, Scenario.Name:shell_ecs_cache, Scenario.Status:success, Scenario.Step:stop, StatusCode:, TeamsBuilds:["arm64","x64","x86"], TeamsWebView2:["app","auth","autostart","core","deviceCapability","ecs","extensibility","hfpCallManager","logging","meetNow","nativeModules","security","systemTray","taskbar","telemetry","thirdPartyDevices","tma","toasts","update","uxStateError","webLauncher","webNrc","webview","windowcontrols"], configExpiryTimeInSec:0, delta:3, elapsed:45, elapsedSinceProcessStart:224, expiry:Tue, 06 Feb 2024 12:49:20 GMT, previousStep:start, process:updater, requestParameters:{"ClientId":"14d4c5a7-b8cf-4054-bada-fea183e4bba8","aaduserid":"","agents":"TeamsBuilds,TeamsWebview2","audience":"general","cloud":"Consumer","cpuarch":"x64","desktopVersion":"23335.242.2641.4129","environment":"life","id":"","osplatform":"windows","osversion":"10.0.22621","teamsring":"general","tenantId":""}, sequence:1, stepDelta:3
2024-02-06T11:40:36.405372-03:00 0x00003174 <INFO> EcsFetchCompletion: Ecs settings are already up to date
2024-02-06T11:40:36.405372-03:00 0x00003174 <INFO> Scenario: shell_ecs_refresh [stop,abandoned] InstanceId:d44cb659-9c0a-428b-b8e3-471014371e90, Scenario.Mode:1, Scenario.Name:shell_ecs_refresh, Scenario.Status:abandoned, Scenario.Step:stop, delta:45, elapsed:45, elapsedSinceProcessStart:224, previousStep:start, reason:up to date, sequence:1, stepDelta:45
2024-02-06T11:40:36.408904-03:00 0x00003174 <INFO> EcsBackgroundTask: Completed ecs background task
2024-02-06T11:40:36.409909-03:00 0x000056b4 <INFO> Scenario: shell_bgtask_comserverregistration [stop,success] InstanceId:7635fca7-10d3-4b5d-b6df-5973f9f879d5, Scenario.Mode:3, Scenario.Name:shell_bgtask_comserverregistration, Scenario.Status:success, Scenario.Step:stop, Scenario.Steps:[{"Scenario.Status":"success","Scenario.Step":"stop","delta":62,"elapsed":62,"elapsedSinceProcessStart":228,"previousStep":"start","sequence":1,"stepDelta":62}], Scenario.StepsEx:[{"taskName":"TeamsEcsTask"}], delta:62, elapsed:62, elapsedSinceProcessStart:228, previousStep:start, sequence:1, stepDelta:62, taskName:TeamsEcsTask
2024-02-06T11:40:37.502951-03:00 0x000056b4 <INFO> TelemetryService: Telemetry service stopped
