2024-02-06T15:45:18.424396-03:00 0x00004080 <INFO> RoomsPlatformUtils: Process invoked without rooms flag, no platform ID override provided
2024-02-06T15:45:18.426295-03:00 0x000008b8 <INFO> SingleThreadedWorker: Waiting for Work on worker thread : TelemetryServiceWorker
2024-02-06T15:45:18.495005-03:00 0x00004080 <INFO> TelemetryService: Sampling rules from previous session recovered
2024-02-06T15:45:18.497004-03:00 0x00004080 <INFO> BackgroundTaskBase: Registering msteamsupdate.exe as bgtask com server for task: TeamsEcsTask
2024-02-06T15:45:18.497004-03:00 0x00004080 <INFO> Scenario: shell_bgtask_comserverregistration [start,success] Scenario.Status:success, Scenario.Step:start, delta:0, elapsed:0, elapsedSinceProcessStart:274, sequence:0
2024-02-06T15:45:18.512337-03:00 0x000051a4 <INFO> EcsBackgroundTask: Starting ecs background task
2024-02-06T15:45:18.512337-03:00 0x000051a4 <INFO> Scenario: shell_ecs_refresh [start,success] Scenario.Status:success, Scenario.Step:start, delta:0, elapsed:0, elapsedSinceProcessStart:289, sequence:0
2024-02-06T15:45:18.544155-03:00 0x000051a4 <INFO> Scenario: shell_peristent_storage_read [start,success] Scenario.Status:success, Scenario.Step:start, delta:0, elapsed:32, elapsedSinceProcessStart:321, sequence:0
2024-02-06T15:45:18.544155-03:00 0x000051a4 <INFO> TelemetryService: Restored sampling rules from previous session
2024-02-06T15:45:18.544155-03:00 0x000051a4 <INFO> Scenario: shell_peristent_storage_read [stop,abandoned] InstanceId:bbe194ab-c789-4f77-bb30-012d8ccae1d4, Scenario.Mode:1, Scenario.Name:shell_peristent_storage_read, Scenario.Status:abandoned, Scenario.Step:stop, delta:0, elapsed:32, elapsedSinceProcessStart:321, error:no such file or directory, fileName:configuration.json, previousStep:start, sequence:1, stepDelta:0
2024-02-06T15:45:18.548155-03:00 0x000051a4 <INFO> Scenario: shell_peristent_storage_read [start,success] Scenario.Status:success, Scenario.Step:start, delta:0, elapsed:36, elapsedSinceProcessStart:325, sequence:0
2024-02-06T15:45:18.548155-03:00 0x000051a4 <INFO> Scenario: shell_peristent_storage_read [stop,abandoned] InstanceId:ae81bdf1-95a9-4a4f-b897-8ade04b9885d, Scenario.Mode:1, Scenario.Name:shell_peristent_storage_read, Scenario.Status:abandoned, Scenario.Step:stop, delta:0, elapsed:36, elapsedSinceProcessStart:325, error:no such file or directory, fileName:ecs_request_param.json, previousStep:start, sequence:1, stepDelta:0
2024-02-06T15:45:18.548155-03:00 0x000051a4 <INFO> TelemetryService: No primary user detected during a SetUserTenantId Call, setting  as default tenant
2024-02-06T15:45:18.574697-03:00 0x000051a4 <INFO> Scenario: shell_ecs_cache [start,success] Scenario.Status:success, Scenario.Step:start, delta:0, elapsed:62, elapsedSinceProcessStart:351, sequence:0
2024-02-06T15:45:18.578689-03:00 0x000051a4 <INFO> Scenario: shell_ecs_cache [stop,success] InstanceId:9533706e-50a4-4dbb-bf50-92d88758b020, LatestVersion:24004.1403.2634.2418, LatestVersionPath:/BuildSettings/WebView2/x64/latestVersion, Scenario.Mode:1, Scenario.Name:shell_ecs_cache, Scenario.Status:success, Scenario.Step:stop, StatusCode:, TeamsBuilds:["arm64","x64","x86"], TeamsWebView2:["app","auth","autostart","core","deviceCapability","ecs","extensibility","hfpCallManager","logging","meetNow","nativeModules","security","systemTray","taskbar","telemetry","thirdPartyDevices","tma","toasts","update","uxStateError","webLauncher","webNrc","webview","windowcontrols"], configExpiryTimeInSec:0, delta:5, elapsed:67, elapsedSinceProcessStart:356, expiry:Tue, 06 Feb 2024 16:02:57 GMT, previousStep:start, process:updater, requestParameters:{"ClientId":"14d4c5a7-b8cf-4054-bada-fea183e4bba8","aaduserid":"","agents":"TeamsBuilds,TeamsWebview2","audience":"general","cloud":"Consumer","cpuarch":"x64","desktopVersion":"23335.242.2641.4129","environment":"life","id":"","osplatform":"windows","osversion":"10.0.22621","teamsring":"general","tenantId":""}, sequence:1, stepDelta:5
2024-02-06T15:45:18.579690-03:00 0x000051a4 <INFO> EcsFetchCompletion: Ecs settings are already up to date
2024-02-06T15:45:18.579690-03:00 0x000051a4 <INFO> Scenario: shell_ecs_refresh [stop,abandoned] InstanceId:a28374fc-9a93-4144-9b06-5b42188848e1, Scenario.Mode:1, Scenario.Name:shell_ecs_refresh, Scenario.Status:abandoned, Scenario.Step:stop, delta:68, elapsed:68, elapsedSinceProcessStart:357, previousStep:start, reason:up to date, sequence:1, stepDelta:68
2024-02-06T15:45:18.585095-03:00 0x000051a4 <INFO> EcsBackgroundTask: Completed ecs background task
2024-02-06T15:45:18.586228-03:00 0x00004080 <INFO> Scenario: shell_bgtask_comserverregistration [stop,success] InstanceId:d5e921c1-b91a-436d-8835-e4af151d702f, Scenario.Mode:3, Scenario.Name:shell_bgtask_comserverregistration, Scenario.Status:success, Scenario.Step:stop, Scenario.Steps:[{"Scenario.Status":"success","Scenario.Step":"stop","delta":89,"elapsed":89,"elapsedSinceProcessStart":363,"previousStep":"start","sequence":1,"stepDelta":89}], Scenario.StepsEx:[{"taskName":"TeamsEcsTask"}], delta:89, elapsed:89, elapsedSinceProcessStart:363, previousStep:start, sequence:1, stepDelta:89, taskName:TeamsEcsTask
2024-02-06T15:45:19.660808-03:00 0x00004080 <INFO> TelemetryService: Telemetry service stopped
