2024-02-01T12:50:41.770857-03:00 0x000018d4 <INFO> RoomsPlatformUtils: Process invoked without rooms flag, no platform ID override provided
2024-02-01T12:50:41.781970-03:00 0x00004298 <INFO> SingleThreadedWorker: Waiting for Work on worker thread : TelemetryServiceWorker
2024-02-01T12:50:41.885260-03:00 0x000018d4 <INFO> TelemetryService: Sampling rules from previous session recovered
2024-02-01T12:50:41.889263-03:00 0x000018d4 <INFO> BackgroundTaskBase: Registering msteamsupdate.exe as bgtask com server for task: TeamsAsyncUpdaterTask
2024-02-01T12:50:41.889263-03:00 0x000018d4 <INFO> Scenario: shell_bgtask_comserverregistration [start,success] Scenario.Status:success, Scenario.Step:start, delta:0, elapsed:0, elapsedSinceProcessStart:659, sequence:0
2024-02-01T12:50:41.918790-03:00 0x00001710 <INFO> AsyncUpdaterTask: Starting updater background task
2024-02-01T12:50:41.918790-03:00 0x00001710 <INFO> Scenario: shell_ecs_refresh [start,success] Scenario.Status:success, Scenario.Step:start, delta:0, elapsed:0, elapsedSinceProcessStart:688, sequence:0
2024-02-01T12:50:41.985577-03:00 0x00001710 <INFO> Scenario: shell_peristent_storage_read [start,success] Scenario.Status:success, Scenario.Step:start, delta:0, elapsed:67, elapsedSinceProcessStart:755, sequence:0
2024-02-01T12:50:41.985577-03:00 0x00001710 <INFO> TelemetryService: Restored sampling rules from previous session
2024-02-01T12:50:41.985577-03:00 0x00001710 <INFO> Scenario: shell_peristent_storage_read [stop,abandoned] InstanceId:02c769ec-8038-4e8d-a093-cd2ff1cb828d, Scenario.Mode:1, Scenario.Name:shell_peristent_storage_read, Scenario.Status:abandoned, Scenario.Step:stop, delta:0, elapsed:67, elapsedSinceProcessStart:755, error:no such file or directory, fileName:configuration.json, previousStep:start, sequence:1, stepDelta:0
2024-02-01T12:50:41.994575-03:00 0x00001710 <INFO> Scenario: shell_peristent_storage_read [start,success] Scenario.Status:success, Scenario.Step:start, delta:0, elapsed:76, elapsedSinceProcessStart:764, sequence:0
2024-02-01T12:50:41.994575-03:00 0x00001710 <INFO> Scenario: shell_peristent_storage_read [stop,abandoned] InstanceId:0af508d2-bf9b-4f95-aad2-839970d4ba9b, Scenario.Mode:1, Scenario.Name:shell_peristent_storage_read, Scenario.Status:abandoned, Scenario.Step:stop, delta:1, elapsed:77, elapsedSinceProcessStart:765, error:no such file or directory, fileName:ecs_request_param.json, previousStep:start, sequence:1, stepDelta:1
2024-02-01T12:50:41.994575-03:00 0x00001710 <INFO> TelemetryService: No primary user detected during a SetUserTenantId Call, setting  as default tenant
2024-02-01T12:50:41.998576-03:00 0x00001710 <INFO> AsyncUpdaterTask: Starting ecs fetch
2024-02-01T12:50:42.018950-03:00 0x00001710 <ERR>  EcsSettings: Error parsing ecs config ids Serializable failure - Parse error: The document is empty
2024-02-01T12:50:42.018950-03:00 0x00001710 <INFO> AsyncUpdaterTask: Using cancellation flow version 0
2024-02-01T12:50:42.816090-03:00 0x00004790 <INFO> Scenario: shell_ecs_refresh [start,success] Scenario.Status:success, Scenario.Step:start, delta:0, elapsed:898, elapsedSinceProcessStart:1586, sequence:0
2024-02-01T12:50:42.825085-03:00 0x00004790 <INFO> Scenario: shell_ecs_refresh [stop,success] InstanceId:49e019b8-f81b-4359-b912-1c6bed7ce94d, LatestVersion:23335.242.2641.4129, LatestVersionPath:/BuildSettings/WebView2/x64/latestVersion, Scenario.Mode:1, Scenario.Name:shell_ecs_refresh, Scenario.Status:success, Scenario.Step:stop, StatusCode:, TeamsBuilds:["arm64","x64","x86"], TeamsWebView2:["app","auth","autostart","core","deviceCapability","ecs","extensibility","hfpCallManager","logging","meetNow","nativeModules","security","systemTray","taskbar","telemetry","thirdPartyDevices","tma","toasts","update","uxStateError","webLauncher","webNrc","webview","windowcontrols"], configExpiryTimeInSec:1, delta:9, elapsed:907, elapsedSinceProcessStart:1595, expiry:Thu, 01 Feb 2024 14:55:19 GMT, previousStep:start, process:updater, requestParameters:{"ClientId":"14d4c5a7-b8cf-4054-bada-fea183e4bba8","aaduserid":"","agents":"TeamsBuilds,TeamsWebview2","audience":"general","cloud":"Consumer","cpuarch":"x64","desktopVersion":"23335.242.2641.4129","environment":"life","id":"","osplatform":"windows","osversion":"10.0.22621","teamsring":"general","tenantId":""}, sequence:1, stepDelta:9
2024-02-01T12:50:42.825085-03:00 0x00004790 <INFO> EcsFetchCompletion: Successfully updated ecs settings from server
2024-02-01T12:50:42.826090-03:00 0x00001710 <INFO> AsyncUpdaterTask: Completed ecs fetch. Result is 0
2024-02-01T12:50:42.828520-03:00 0x00001710 <INFO> GetBuildDaysTillEnd: Current build age is: 62
2024-02-01T12:50:42.836803-03:00 0x00001710 <INFO> Scenario: shell_msix_update [start,success] Scenario.Status:success, Scenario.Step:start, delta:0, elapsed:919, elapsedSinceProcessStart:1607, sequence:0
2024-02-01T12:50:42.841800-03:00 0x00001710 <ERR>  DeploymentProviderMSIX: Already up to date
2024-02-01T12:50:42.843798-03:00 0x00001710 <ERR>  WIL: msteamsupdate.exe!00007FF75CCEC6C4: LogHr(1) tid(1710) 800704C7 A operação foi cancelada pelo usuário.
2024-02-01T12:50:42.844797-03:00 0x00001710 <ERR>  WIL: msteamsupdate.exe!00007FF75CE33D36: ReturnHr(1) tid(1710) 800704C7 A operação foi cancelada pelo usuário.
    Msg:[winrt::hresult_error: A operação foi cancelada pelo usuário.] 
2024-02-01T12:50:42.845809-03:00 0x00001710 <INFO> Scenario: shell_msix_update [stop,success] CurrentVersion:23335.242.2641.4129, DeviceInfo_OfficeMachineId:1539a0b6-a3d5-c64d-b222-14b49b747ccb, ErrorText:, ExtendedErrorCode:0x0
, GenericErrorCode:0x800704c7
, InstanceId:5b143f17-25e9-404e-8cbf-5219f282d83e, LatestVersion:23335.242.2641.4129, Scenario.Mode:3, Scenario.Name:shell_msix_update, Scenario.Status:success, Scenario.Step:stop, Scenario.Steps:[{"Scenario.Status":"success","Scenario.Step":"stop","delta":8,"elapsed":927,"elapsedSinceProcessStart":1615,"previousStep":"start","sequence":1,"stepDelta":8}], Scenario.StepsEx:[{"CurrentVersion":"23335.242.2641.4129","DeviceInfo_OfficeMachineId":"1539a0b6-a3d5-c64d-b222-14b49b747ccb","ErrorText":"","ExtendedErrorCode":"0x0\n","GenericErrorCode":"0x800704c7\n","LatestVersion":"23335.242.2641.4129","UpdateCheckReason":"BgUpdateCheck","UpdateFailureCount":0,"UpdateUrl":"https://statics.teams.cdn.office.net/production-windows-x64/23335.242.2641.4129/MicrosoftTeams-x64.msix","reason":"uptodate","update-current-version":"23335.242.2641.4129"}], UpdateCheckReason:BgUpdateCheck, UpdateFailureCount:0, UpdateUrl:https://statics.teams.cdn.office.net/production-windows-x64/23335.242.2641.4129/MicrosoftTeams-x64.msix, delta:8, elapsed:927, elapsedSinceProcessStart:1615, previousStep:start, reason:uptodate, sequence:1, stepDelta:8, update-current-version:23335.242.2641.4129
2024-02-01T12:50:42.848187-03:00 0x00001710 <INFO> Scenario: shell_install_msi_addin [start,success] Scenario.Status:success, Scenario.Step:start, delta:0, elapsed:930, elapsedSinceProcessStart:1618, sequence:0
2024-02-01T12:50:42.853700-03:00 0x00001710 <INFO> Scenario: shell_install_msi_addin [stop,abandoned] InstanceId:f91feae6-11a1-4797-b830-0a1a7063d2a6, Scenario.Mode:3, Scenario.Name:shell_install_msi_addin, Scenario.Status:abandoned, Scenario.Step:stop, Scenario.Steps:[{"Scenario.Status":"abandoned","Scenario.Step":"stop","delta":5,"elapsed":935,"elapsedSinceProcessStart":1623,"previousStep":"start","sequence":1,"stepDelta":5}], Scenario.StepsEx:[{"UpdateCheckReason":"BackgroundUpdate","reason":"flag_off"}], UpdateCheckReason:BackgroundUpdate, delta:5, elapsed:935, elapsedSinceProcessStart:1623, previousStep:start, reason:flag_off, sequence:1, stepDelta:5
2024-02-01T12:50:42.855696-03:00 0x00001710 <INFO> AsyncUpdaterTask: Updater task completed
2024-02-01T12:50:42.855696-03:00 0x000018d4 <INFO> Scenario: shell_bgtask_comserverregistration [stop,success] InstanceId:53e51c5f-bab3-4ea8-82f3-2bda0e0399d8, Scenario.Mode:3, Scenario.Name:shell_bgtask_comserverregistration, Scenario.Status:success, Scenario.Step:stop, Scenario.Steps:[{"Scenario.Status":"success","Scenario.Step":"stop","delta":967,"elapsed":967,"elapsedSinceProcessStart":1626,"previousStep":"start","sequence":1,"stepDelta":967}], Scenario.StepsEx:[{"taskName":"TeamsAsyncUpdaterTask"}], delta:967, elapsed:967, elapsedSinceProcessStart:1626, previousStep:start, sequence:1, stepDelta:967, taskName:TeamsAsyncUpdaterTask
2024-02-01T12:50:43.970063-03:00 0x000018d4 <INFO> TelemetryService: Telemetry service stopped
