2024-02-01T12:50:41.764803-03:00 0x00003c7c <INFO> RoomsPlatformUtils: Process invoked without rooms flag, no platform ID override provided
2024-02-01T12:50:41.781970-03:00 0x0000173c <INFO> SingleThreadedWorker: Waiting for Work on worker thread : TelemetryServiceWorker
2024-02-01T12:50:41.882266-03:00 0x00003c7c <INFO> TelemetryService: Sampling rules from previous session recovered
2024-02-01T12:50:41.885260-03:00 0x00003c7c <INFO> BackgroundTaskBase: Registering msteamsupdate.exe as bgtask com server for task: TeamsEcsTask
2024-02-01T12:50:41.886260-03:00 0x00003c7c <INFO> Scenario: shell_bgtask_comserverregistration [start,success] Scenario.Status:success, Scenario.Step:start, delta:0, elapsed:0, elapsedSinceProcessStart:656, sequence:0
2024-02-01T12:50:41.917787-03:00 0x00003ecc <INFO> EcsBackgroundTask: Starting ecs background task
2024-02-01T12:50:41.918790-03:00 0x00003ecc <INFO> Scenario: shell_ecs_refresh [start,success] Scenario.Status:success, Scenario.Step:start, delta:0, elapsed:0, elapsedSinceProcessStart:688, sequence:0
2024-02-01T12:50:41.976556-03:00 0x00003ecc <INFO> Scenario: shell_peristent_storage_read [start,success] Scenario.Status:success, Scenario.Step:start, delta:0, elapsed:58, elapsedSinceProcessStart:746, sequence:0
2024-02-01T12:50:41.976556-03:00 0x00003ecc <INFO> TelemetryService: Restored sampling rules from previous session
2024-02-01T12:50:41.976556-03:00 0x00003ecc <INFO> Scenario: shell_peristent_storage_read [stop,abandoned] InstanceId:fc298f21-c672-4835-aa56-d229b9771d74, Scenario.Mode:1, Scenario.Name:shell_peristent_storage_read, Scenario.Status:abandoned, Scenario.Step:stop, delta:0, elapsed:58, elapsedSinceProcessStart:746, error:no such file or directory, fileName:configuration.json, previousStep:start, sequence:1, stepDelta:0
2024-02-01T12:50:41.986572-03:00 0x00003ecc <INFO> Scenario: shell_peristent_storage_read [start,success] Scenario.Status:success, Scenario.Step:start, delta:0, elapsed:69, elapsedSinceProcessStart:757, sequence:0
2024-02-01T12:50:41.986572-03:00 0x00003ecc <INFO> Scenario: shell_peristent_storage_read [stop,abandoned] InstanceId:43266ae0-707f-4313-9f82-3244e4a3e0a9, Scenario.Mode:1, Scenario.Name:shell_peristent_storage_read, Scenario.Status:abandoned, Scenario.Step:stop, delta:0, elapsed:69, elapsedSinceProcessStart:757, error:no such file or directory, fileName:ecs_request_param.json, previousStep:start, sequence:1, stepDelta:0
2024-02-01T12:50:41.986572-03:00 0x00003ecc <INFO> TelemetryService: No primary user detected during a SetUserTenantId Call, setting  as default tenant
2024-02-01T12:50:42.025018-03:00 0x00003ecc <INFO> Scenario: shell_ecs_cache [start,success] Scenario.Status:success, Scenario.Step:start, delta:0, elapsed:107, elapsedSinceProcessStart:795, sequence:0
2024-02-01T12:50:42.034018-03:00 0x00003ecc <INFO> Scenario: shell_ecs_cache [stop,success] InstanceId:27774cac-305b-4a53-ba4e-32b62de864bd, LatestVersion:23335.242.2641.4129, LatestVersionPath:/BuildSettings/WebView2/x64/latestVersion, Scenario.Mode:1, Scenario.Name:shell_ecs_cache, Scenario.Status:success, Scenario.Step:stop, StatusCode:, TeamsBuilds:["arm64","x64","x86"], TeamsWebView2:["app","auth","autostart","core","deviceCapability","ecs","extensibility","hfpCallManager","logging","meetNow","nativeModules","security","systemTray","taskbar","telemetry","thirdPartyDevices","tma","toasts","update","uxStateError","webLauncher","webNrc","webview","windowcontrols"], configExpiryTimeInSec:0, delta:9, elapsed:116, elapsedSinceProcessStart:804, expiry:Thu, 01 Feb 2024 14:02:25 GMT, previousStep:start, process:updater, requestParameters:{"ClientId":"14d4c5a7-b8cf-4054-bada-fea183e4bba8","aaduserid":"","agents":"TeamsBuilds,TeamsWebview2","audience":"general","cloud":"Consumer","cpuarch":"x64","desktopVersion":"23335.242.2641.4129","environment":"life","id":"","osplatform":"windows","osversion":"10.0.22621","teamsring":"general","tenantId":""}, sequence:1, stepDelta:9
2024-02-01T12:50:42.035021-03:00 0x00003ecc <INFO> EcsFetchCompletion: Ecs settings are already up to date
2024-02-01T12:50:42.035021-03:00 0x00003ecc <INFO> Scenario: shell_ecs_refresh [stop,abandoned] InstanceId:c0276753-b434-480b-95e4-9901c79cd37b, Scenario.Mode:1, Scenario.Name:shell_ecs_refresh, Scenario.Status:abandoned, Scenario.Step:stop, delta:117, elapsed:117, elapsedSinceProcessStart:805, previousStep:start, reason:up to date, sequence:1, stepDelta:117
2024-02-01T12:50:42.044016-03:00 0x00003ecc <INFO> EcsBackgroundTask: Completed ecs background task
2024-02-01T12:50:42.045018-03:00 0x00003c7c <INFO> Scenario: shell_bgtask_comserverregistration [stop,success] InstanceId:bc3a7f31-1af6-44f4-8026-6e8c3910720d, Scenario.Mode:3, Scenario.Name:shell_bgtask_comserverregistration, Scenario.Status:success, Scenario.Step:stop, Scenario.Steps:[{"Scenario.Status":"success","Scenario.Step":"stop","delta":158,"elapsed":158,"elapsedSinceProcessStart":814,"previousStep":"start","sequence":1,"stepDelta":158}], Scenario.StepsEx:[{"taskName":"TeamsEcsTask"}], delta:158, elapsed:158, elapsedSinceProcessStart:814, previousStep:start, sequence:1, stepDelta:158, taskName:TeamsEcsTask
2024-02-01T12:50:43.160750-03:00 0x00003c7c <INFO> TelemetryService: Telemetry service stopped
