2024-02-06T14:44:36.995983-03:00 0x00004d2c <INFO> RoomsPlatformUtils: Process invoked without rooms flag, no platform ID override provided
2024-02-06T14:44:36.998987-03:00 0x00004258 <INFO> SingleThreadedWorker: Waiting for Work on worker thread : TelemetryServiceWorker
2024-02-06T14:44:37.085276-03:00 0x00004d2c <INFO> TelemetryService: Sampling rules from previous session recovered
2024-02-06T14:44:37.090280-03:00 0x00004d2c <INFO> BackgroundTaskBase: Registering msteamsupdate.exe as bgtask com server for task: TeamsAsyncUpdaterTask
2024-02-06T14:44:37.090280-03:00 0x00004d2c <INFO> Scenario: shell_bgtask_comserverregistration [start,success] Scenario.Status:success, Scenario.Step:start, delta:0, elapsed:1, elapsedSinceProcessStart:479, sequence:0
2024-02-06T14:44:37.126174-03:00 0x00003eac <INFO> AsyncUpdaterTask: Starting updater background task
2024-02-06T14:44:37.126174-03:00 0x00003eac <INFO> Scenario: shell_ecs_refresh [start,success] Scenario.Status:success, Scenario.Step:start, delta:0, elapsed:0, elapsedSinceProcessStart:515, sequence:0
2024-02-06T14:44:37.197036-03:00 0x00003eac <INFO> Scenario: shell_peristent_storage_read [start,success] Scenario.Status:success, Scenario.Step:start, delta:0, elapsed:71, elapsedSinceProcessStart:586, sequence:0
2024-02-06T14:44:37.198036-03:00 0x00003eac <INFO> TelemetryService: Restored sampling rules from previous session
2024-02-06T14:44:37.198036-03:00 0x00003eac <INFO> Scenario: shell_peristent_storage_read [stop,abandoned] InstanceId:d74b478d-9e04-4935-b2ab-945ebcc090a7, Scenario.Mode:1, Scenario.Name:shell_peristent_storage_read, Scenario.Status:abandoned, Scenario.Step:stop, delta:1, elapsed:72, elapsedSinceProcessStart:587, error:no such file or directory, fileName:configuration.json, previousStep:start, sequence:1, stepDelta:1
2024-02-06T14:44:37.205053-03:00 0x00003eac <INFO> Scenario: shell_peristent_storage_read [start,success] Scenario.Status:success, Scenario.Step:start, delta:0, elapsed:79, elapsedSinceProcessStart:594, sequence:0
2024-02-06T14:44:37.206046-03:00 0x00003eac <INFO> Scenario: shell_peristent_storage_read [stop,abandoned] InstanceId:f02fcd31-5b52-4b45-aca5-bafb1515a7d5, Scenario.Mode:1, Scenario.Name:shell_peristent_storage_read, Scenario.Status:abandoned, Scenario.Step:stop, delta:1, elapsed:80, elapsedSinceProcessStart:595, error:no such file or directory, fileName:ecs_request_param.json, previousStep:start, sequence:1, stepDelta:1
2024-02-06T14:44:37.206046-03:00 0x00003eac <INFO> TelemetryService: No primary user detected during a SetUserTenantId Call, setting  as default tenant
2024-02-06T14:44:37.208568-03:00 0x00003eac <INFO> AsyncUpdaterTask: Starting ecs fetch
2024-02-06T14:44:37.245637-03:00 0x00003eac <INFO> Scenario: shell_ecs_cache [start,success] Scenario.Status:success, Scenario.Step:start, delta:0, elapsed:119, elapsedSinceProcessStart:634, sequence:0
2024-02-06T14:44:37.263635-03:00 0x00003eac <INFO> Scenario: shell_ecs_cache [stop,success] InstanceId:4b0adb47-cfb9-41fa-a391-a809f136a02e, LatestVersion:24004.1403.2634.2418, LatestVersionPath:/BuildSettings/WebView2/x64/latestVersion, Scenario.Mode:1, Scenario.Name:shell_ecs_cache, Scenario.Status:success, Scenario.Step:stop, StatusCode:, TeamsBuilds:["arm64","x64","x86"], TeamsWebView2:["app","auth","autostart","core","deviceCapability","ecs","extensibility","hfpCallManager","logging","meetNow","nativeModules","security","systemTray","taskbar","telemetry","thirdPartyDevices","tma","toasts","update","uxStateError","webLauncher","webNrc","webview","windowcontrols"], configExpiryTimeInSec:0, delta:18, elapsed:137, elapsedSinceProcessStart:652, expiry:Tue, 06 Feb 2024 16:02:57 GMT, previousStep:start, process:updater, requestParameters:{"ClientId":"14d4c5a7-b8cf-4054-bada-fea183e4bba8","aaduserid":"","agents":"TeamsBuilds,TeamsWebview2","audience":"general","cloud":"Consumer","cpuarch":"x64","desktopVersion":"23335.242.2641.4129","environment":"life","id":"","osplatform":"windows","osversion":"10.0.22621","teamsring":"general","tenantId":""}, sequence:1, stepDelta:18
2024-02-06T14:44:37.264636-03:00 0x00003eac <INFO> EcsFetchCompletion: Ecs settings are already up to date
2024-02-06T14:44:37.264636-03:00 0x00003eac <INFO> Scenario: shell_ecs_refresh [stop,abandoned] InstanceId:85acfd4c-a80d-4ce1-8069-4faff0cee6e8, Scenario.Mode:1, Scenario.Name:shell_ecs_refresh, Scenario.Status:abandoned, Scenario.Step:stop, delta:139, elapsed:139, elapsedSinceProcessStart:654, previousStep:start, reason:up to date, sequence:1, stepDelta:139
2024-02-06T14:44:37.272635-03:00 0x00003eac <INFO> AsyncUpdaterTask: Using cancellation flow version 0
2024-02-06T14:44:37.272635-03:00 0x00003eac <INFO> AsyncUpdaterTask: Completed ecs fetch. Result is 0
2024-02-06T14:44:37.274636-03:00 0x00003eac <INFO> GetBuildDaysTillEnd: Current build age is: 67
2024-02-06T14:44:37.280641-03:00 0x00003eac <INFO> Scenario: shell_msix_update [start,success] Scenario.Status:success, Scenario.Step:start, delta:0, elapsed:155, elapsedSinceProcessStart:670, sequence:0
2024-02-06T14:44:37.293637-03:00 0x00003eac <INFO> DeploymentProviderMSIX: Start staging update package from:https://statics.teams.cdn.office.net/production-windows-x64/24004.1403.2634.2418/MicrosoftTeams-x64.msix
2024-02-06T14:44:42.394481-03:00 0x00003eac <INFO> DeploymentProviderMSIX: Start registering update package for package:MicrosoftTeams_8wekyb3d8bbwe
2024-02-06T14:44:42.493590-03:00 0x00003eac <INFO> Scenario: shell_msix_update [stop,success] CurrentVersion:23335.242.2641.4129, DeviceInfo_OfficeMachineId:1539a0b6-a3d5-c64d-b222-14b49b747ccb, InstanceId:43a1d8ef-8118-44da-84cb-1211729ab647, LatestVersion:24004.1403.2634.2418, Scenario.Mode:3, Scenario.Name:shell_msix_update, Scenario.Status:success, Scenario.Step:stop, Scenario.Steps:[{"Scenario.Status":"success","Scenario.Step":"stop","delta":5204,"elapsed":5359,"elapsedSinceProcessStart":5874,"previousStep":"start","sequence":1,"stepDelta":5204}], Scenario.StepsEx:[{"CurrentVersion":"23335.242.2641.4129","DeviceInfo_OfficeMachineId":"1539a0b6-a3d5-c64d-b222-14b49b747ccb","LatestVersion":"24004.1403.2634.2418","UpdateCheckReason":"BgUpdateCheck","UpdateFailureCount":0,"UpdateUrl":"https://statics.teams.cdn.office.net/production-windows-x64/24004.1403.2634.2418/MicrosoftTeams-x64.msix"}], UpdateCheckReason:BgUpdateCheck, UpdateFailureCount:0, UpdateUrl:https://statics.teams.cdn.office.net/production-windows-x64/24004.1403.2634.2418/MicrosoftTeams-x64.msix, delta:5204, elapsed:5359, elapsedSinceProcessStart:5874, previousStep:start, sequence:1, stepDelta:5204
2024-02-06T14:44:42.495591-03:00 0x00003eac <INFO> Scenario: shell_install_msi_addin [start,success] Scenario.Status:success, Scenario.Step:start, delta:0, elapsed:5369, elapsedSinceProcessStart:5884, sequence:0
2024-02-06T14:44:42.500597-03:00 0x00003eac <INFO> Scenario: shell_install_msi_addin [stop,abandoned] InstanceId:f82f42cd-a76d-4e38-8089-91ac041efe51, Scenario.Mode:3, Scenario.Name:shell_install_msi_addin, Scenario.Status:abandoned, Scenario.Step:stop, Scenario.Steps:[{"Scenario.Status":"abandoned","Scenario.Step":"stop","delta":5,"elapsed":5374,"elapsedSinceProcessStart":5889,"previousStep":"start","sequence":1,"stepDelta":5}], Scenario.StepsEx:[{"UpdateCheckReason":"BackgroundUpdate","reason":"flag_off"}], UpdateCheckReason:BackgroundUpdate, delta:5, elapsed:5374, elapsedSinceProcessStart:5889, previousStep:start, reason:flag_off, sequence:1, stepDelta:5
2024-02-06T14:44:42.502592-03:00 0x00003eac <INFO> AsyncUpdaterTask: Updater task completed
2024-02-06T14:44:42.504592-03:00 0x00004d2c <INFO> Scenario: shell_bgtask_comserverregistration [stop,success] InstanceId:8eae95ef-3031-4b74-9a6c-ea6e24a2d64a, Scenario.Mode:3, Scenario.Name:shell_bgtask_comserverregistration, Scenario.Status:success, Scenario.Step:stop, Scenario.Steps:[{"Scenario.Status":"success","Scenario.Step":"stop","delta":5414,"elapsed":5415,"elapsedSinceProcessStart":5893,"previousStep":"start","sequence":1,"stepDelta":5414}], Scenario.StepsEx:[{"taskName":"TeamsAsyncUpdaterTask"}], delta:5414, elapsed:5415, elapsedSinceProcessStart:5893, previousStep:start, sequence:1, stepDelta:5414, taskName:TeamsAsyncUpdaterTask
2024-02-06T14:44:43.788482-03:00 0x00004d2c <INFO> TelemetryService: Telemetry service stopped
